warning: unused variable: `ok`
   --> crates/hq/src/main.rs:270:13
    |
270 |         let ok = ev > min_ev && regime >= min_regime && quality >= min_quality;
    |             ^^ help: if this is intentional, prefix it with an underscore: `_ok`
    |
    = note: `#[warn(unused_variables)]` (part of `#[warn(unused)]`) on by default

warning: unused variable: `min_conf`
   --> crates/hq/src/main.rs:306:13
    |
306 |         let min_conf = (1.0 - u) >= 0.1 && a.abs() >= 0.1;
    |             ^^^^^^^^ help: if this is intentional, prefix it with an underscore: `_min_conf`

warning: unused variable: `ma_bullish`
    --> crates/hq/src/main.rs:1636:13
     |
1636 |         let ma_bullish = fast > slow;
     |             ^^^^^^^^^^ help: if this is intentional, prefix it with an underscore: `_ma_bullish`

warning: unused variable: `ma_bearish`
    --> crates/hq/src/main.rs:1637:13
     |
1637 |         let ma_bearish = fast < slow;
     |             ^^^^^^^^^^ help: if this is intentional, prefix it with an underscore: `_ma_bearish`

warning: unused variable: `macd_bullish`
    --> crates/hq/src/main.rs:1682:13
     |
1682 |         let macd_bullish = macd_line > macd_signal;
     |             ^^^^^^^^^^^^ help: if this is intentional, prefix it with an underscore: `_macd_bullish`

warning: unused variable: `macd_bearish`
    --> crates/hq/src/main.rs:1683:13
     |
1683 |         let macd_bearish = macd_line < macd_signal;
     |             ^^^^^^^^^^^^ help: if this is intentional, prefix it with an underscore: `_macd_bearish`

warning: unused variable: `account_id`
    --> crates/hq/src/main.rs:1798:13
     |
1798 |         let account_id = std::env::var("OANDA_ACCOUNT_ID").unwrap_or_default();
     |             ^^^^^^^^^^ help: if this is intentional, prefix it with an underscore: `_account_id`

warning: value assigned to `price_history` is never read
    --> crates/hq/src/main.rs:1807:17
     |
1807 |         let mut price_history: Vec<f64> = vec![];
     |                 ^^^^^^^^^^^^^
     |
     = help: maybe it is overwritten before being read?
     = note: `#[warn(unused_assignments)]` (part of `#[warn(unused)]`) on by default

warning: `hq` (bin "hq") generated 8 warnings
    Finished `dev` profile [unoptimized + debuginfo] target(s) in 0.29s
     Running `target/debug/hq`
[2m2026-04-19T21:20:46.901998Z[0m [32m INFO[0m [2mhq[0m[2m:[0m Headquarters starting
[2m2026-04-19T21:20:46.902401Z[0m [32m INFO[0m [2mhq[0m[2m:[0m Starting live OANDA polling for EUR_USD every 300s
